2022-08-17 12:38:26 创建存档
2022-08-17 12:38:50 在 2,3 处建造 basicfarm 建筑
2022-08-17 12:39:40 在 1,3 处建造道路
2022-08-17 12:39:40 在 4,2 处建造道路
2022-08-17 12:39:40 在 4,5 处建造道路
2022-08-17 12:39:40 在 5,5 处建造道路
2022-08-17 12:39:40 在 3,5 处建造道路
2022-08-17 12:39:40 在 5,3 处建造道路
2022-08-17 12:39:40 在 2,4 处建造道路
2022-08-17 12:39:40 在 5,4 处建造道路
2022-08-17 12:39:41 在 5,2 处建造道路
2022-08-17 12:39:41 在 1,4 处建造道路
2022-08-17 12:39:41 在 1,2 处建造道路
2022-08-17 12:39:41 在 2,2 处建造道路
2022-08-17 12:39:41 在 3,2 处建造道路
2022-08-17 12:39:41 在 3,4 处建造道路
2022-08-17 12:39:57 在 2,1 处建造道路
2022-08-17 12:40:12 在 4,4 处建造 market 建筑
2022-08-17 12:40:25 收取 basicfarm 建筑的利润 ￥2000 
2022-08-17 12:40:37 在 1,1 处建造 smallhouse 建筑
2022-08-17 12:40:50 在 1,5 处建造 tree1 建筑
2022-08-17 12:40:59 在 2,5 处建造 bamboo 建筑
2022-08-17 12:41:18 收取 market 建筑的利润 ￥7500 
2022-08-17 12:41:41 收取 basicfarm 建筑的利润 ￥2000 
2022-08-17 12:42:19 在 3,3 处建造 smalllake 建筑
2022-08-17 12:42:38 在 4,3 处建造 smalllake 建筑
2022-08-17 12:42:52 收取 market 建筑的利润 ￥7500 
2022-08-17 12:43:05 在 3,1 处建造 woodenhouse 建筑
2022-08-17 12:43:23 在 5,1 处建造 tree1 建筑
2022-08-17 12:43:30 收取 basicfarm 建筑的利润 ￥2000 
2022-08-17 12:43:44 在 4,1 处建造道路
2022-08-17 17:27:27 收取 basicfarm 建筑的利润 ￥20000.0 
2022-08-17 17:27:32 收取 market 建筑的利润 ￥75000.0 
2022-08-17 17:33:26 在 2,2 处拆除 road10
2022-08-17 17:33:51 在 2,2 处建造道路
